  TextBox.cpp
c:\users\crotty's pc\source\repos\consoleapplication1\consoleapplication1\textbox.cpp(6): warning C4244: 'argument': conversion from 'T' to 'float', possible loss of data
          with
          [
              T=int
          ]
c:\users\crotty's pc\source\repos\consoleapplication1\consoleapplication1\textbox.cpp(7): warning C4244: 'argument': conversion from 'T' to 'float', possible loss of data
          with
          [
              T=int
          ]
c:\users\crotty's pc\source\repos\consoleapplication1\consoleapplication1\textbox.cpp(14): warning C4244: 'argument': conversion from 'int' to 'float', possible loss of data
c:\users\crotty's pc\source\repos\consoleapplication1\consoleapplication1\textbox.cpp(15): warning C4244: 'argument': conversion from 'int' to 'float', possible loss of data
  TileMap.cpp
c:\users\crotty's pc\source\repos\consoleapplication1\consoleapplication1\tilemap.cpp(34): warning C4244: 'argument': conversion from 'unsigned int' to 'T', possible loss of data
          with
          [
              T=float
          ]
c:\users\crotty's pc\source\repos\consoleapplication1\consoleapplication1\tilemap.cpp(35): warning C4244: 'argument': conversion from 'unsigned int' to 'T', possible loss of data
          with
          [
              T=float
          ]
c:\users\crotty's pc\source\repos\consoleapplication1\consoleapplication1\tilemap.cpp(36): warning C4244: 'argument': conversion from 'unsigned int' to 'T', possible loss of data
          with
          [
              T=float
          ]
c:\users\crotty's pc\source\repos\consoleapplication1\consoleapplication1\tilemap.cpp(37): warning C4244: 'argument': conversion from 'unsigned int' to 'T', possible loss of data
          with
          [
              T=float
          ]
c:\users\crotty's pc\source\repos\consoleapplication1\consoleapplication1\tilemap.cpp(40): warning C4244: 'argument': conversion from 'T' to 'T', possible loss of data
          with
          [
              T=unsigned int
          ]
          and
          [
              T=float
          ]
c:\users\crotty's pc\source\repos\consoleapplication1\consoleapplication1\tilemap.cpp(41): warning C4244: 'argument': conversion from 'T' to 'T', possible loss of data
          with
          [
              T=unsigned int
          ]
          and
          [
              T=float
          ]
c:\users\crotty's pc\source\repos\consoleapplication1\consoleapplication1\tilemap.cpp(42): warning C4244: 'argument': conversion from 'T' to 'T', possible loss of data
          with
          [
              T=unsigned int
          ]
          and
          [
              T=float
          ]
c:\users\crotty's pc\source\repos\consoleapplication1\consoleapplication1\tilemap.cpp(43): warning C4244: 'argument': conversion from 'T' to 'T', possible loss of data
          with
          [
              T=unsigned int
          ]
          and
          [
              T=float
          ]
  main.cpp
  Generating Code...
TextBox.obj : error LNK2019: unresolved external symbol "__declspec(dllimport) public: void __thiscall sf::Transformable::setPosition(float,float)" (__imp_?setPosition@Transformable@sf@@QAEXMM@Z) referenced in function "public: __thiscall TextBox::TextBox(int,int,class sf::Font,class sf::Texture *)" (??0TextBox@@QAE@HHVFont@sf@@PAVTexture@2@@Z)
main.obj : error LNK2001: unresolved external symbol "__declspec(dllimport) public: void __thiscall sf::Transformable::setPosition(float,float)" (__imp_?setPosition@Transformable@sf@@QAEXMM@Z)
TextBox.obj : error LNK2019: unresolved external symbol "__declspec(dllimport) public: class sf::Vector2<float> const & __thiscall sf::Transformable::getPosition(void)const " (__imp_?getPosition@Transformable@sf@@QBEABV?$Vector2@M@2@XZ) referenced in function "public: bool __thiscall TextBox::CheckInput(class sf::Vector2<int>)" (?CheckInput@TextBox@@QAE_NV?$Vector2@H@sf@@@Z)
TextBox.obj : error LNK2019: unresolved external symbol "__declspec(dllimport) public: void __thiscall sf::Shape::setTexture(class sf::Texture const *,bool)" (__imp_?setTexture@Shape@sf@@QAEXPBVTexture@2@_N@Z) referenced in function "public: __thiscall TextBox::TextBox(int,int,class sf::Font,class sf::Texture *)" (??0TextBox@@QAE@HHVFont@sf@@PAVTexture@2@@Z)
TextBox.obj : error LNK2019: unresolved external symbol "__declspec(dllimport) public: __thiscall sf::Font::~Font(void)" (__imp_??1Font@sf@@QAE@XZ) referenced in function "public: __thiscall TextBox::TextBox(int,int,class sf::Font,class sf::Texture *)" (??0TextBox@@QAE@HHVFont@sf@@PAVTexture@2@@Z)
main.obj : error LNK2001: unresolved external symbol "__declspec(dllimport) public: __thiscall sf::Font::~Font(void)" (__imp_??1Font@sf@@QAE@XZ)
TextBox.obj : error LNK2019: unresolved external symbol "__declspec(dllimport) public: __thiscall sf::RectangleShape::RectangleShape(class sf::Vector2<float> const &)" (__imp_??0RectangleShape@sf@@QAE@ABV?$Vector2@M@1@@Z) referenced in function "public: __thiscall TextBox::TextBox(int,int,class sf::Font,class sf::Texture *)" (??0TextBox@@QAE@HHVFont@sf@@PAVTexture@2@@Z)
TextBox.obj : error LNK2019: unresolved external symbol "__declspec(dllimport) public: class sf::Vector2<float> const & __thiscall sf::RectangleShape::getSize(void)const " (__imp_?getSize@RectangleShape@sf@@QBEABV?$Vector2@M@2@XZ) referenced in function "public: bool __thiscall TextBox::CheckInput(class sf::Vector2<int>)" (?CheckInput@TextBox@@QAE_NV?$Vector2@H@sf@@@Z)
TextBox.obj : error LNK2019: unresolved external symbol "__declspec(dllimport) public: virtual __thiscall sf::RectangleShape::~RectangleShape(void)" (__imp_??1RectangleShape@sf@@UAE@XZ) referenced in function __unwindfunclet$??0TextBox@@QAE@HHVFont@sf@@PAVTexture@2@@Z$2
main.obj : error LNK2001: unresolved external symbol "__declspec(dllimport) public: virtual __thiscall sf::RectangleShape::~RectangleShape(void)" (__imp_??1RectangleShape@sf@@UAE@XZ)
TextBox.obj : error LNK2019: unresolved external symbol "__declspec(dllimport) public: __thiscall sf::RectangleShape::RectangleShape(class sf::RectangleShape const &)" (__imp_??0RectangleShape@sf@@QAE@ABV01@@Z) referenced in function "public: class sf::RectangleShape __thiscall TextBox::getBackground(void)" (?getBackground@TextBox@@QAE?AVRectangleShape@sf@@XZ)
TextBox.obj : error LNK2019: unresolved external symbol "__declspec(dllimport) public: __thiscall sf::Text::Text(void)" (__imp_??0Text@sf@@QAE@XZ) referenced in function "public: __thiscall TextBox::TextBox(int,int,class sf::Font,class sf::Texture *)" (??0TextBox@@QAE@HHVFont@sf@@PAVTexture@2@@Z)
main.obj : error LNK2001: unresolved external symbol "__declspec(dllimport) public: __thiscall sf::Text::Text(void)" (__imp_??0Text@sf@@QAE@XZ)
TextBox.obj : error LNK2019: unresolved external symbol "__declspec(dllimport) public: void __thiscall sf::Text::setFont(class sf::Font const &)" (__imp_?setFont@Text@sf@@QAEXABVFont@2@@Z) referenced in function "public: __thiscall TextBox::TextBox(int,int,class sf::Font,class sf::Texture *)" (??0TextBox@@QAE@HHVFont@sf@@PAVTexture@2@@Z)
main.obj : error LNK2001: unresolved external symbol "__declspec(dllimport) public: void __thiscall sf::Text::setFont(class sf::Font const &)" (__imp_?setFont@Text@sf@@QAEXABVFont@2@@Z)
TextBox.obj : error LNK2019: unresolved external symbol "__declspec(dllimport) public: virtual __thiscall sf::Text::~Text(void)" (__imp_??1Text@sf@@UAE@XZ) referenced in function __unwindfunclet$??0TextBox@@QAE@HHVFont@sf@@PAVTexture@2@@Z$1
main.obj : error LNK2001: unresolved external symbol "__declspec(dllimport) public: virtual __thiscall sf::Text::~Text(void)" (__imp_??1Text@sf@@UAE@XZ)
TextBox.obj : error LNK2019: unresolved external symbol "__declspec(dllimport) public: __thiscall sf::Text::Text(class sf::Text const &)" (__imp_??0Text@sf@@QAE@ABV01@@Z) referenced in function "public: class sf::Text __thiscall TextBox::getText(void)" (?getText@TextBox@@QAE?AVText@sf@@XZ)
TileMap.obj : error LNK2019: unresolved external symbol "__declspec(dllimport) class sf::Transform & __cdecl sf::operator*=(class sf::Transform &,class sf::Transform const &)" (__imp_??Xsf@@YAAAVTransform@0@AAV10@ABV10@@Z) referenced in function "private: virtual void __thiscall TileMap::draw(class sf::RenderTarget &,class sf::RenderStates)const " (?draw@TileMap@@EBEXAAVRenderTarget@sf@@VRenderStates@3@@Z)
TileMap.obj : error LNK2019: unresolved external symbol "__declspec(dllimport) public: class sf::Transform const & __thiscall sf::Transformable::getTransform(void)const " (__imp_?getTransform@Transformable@sf@@QBEABVTransform@2@XZ) referenced in function "private: virtual void __thiscall TileMap::draw(class sf::RenderTarget &,class sf::RenderStates)const " (?draw@TileMap@@EBEXAAVRenderTarget@sf@@VRenderStates@3@@Z)
TileMap.obj : error LNK2019: unresolved external symbol "__declspec(dllimport) public: class sf::Vertex & __thiscall sf::VertexArray::operator[](unsigned int)" (__imp_??AVertexArray@sf@@QAEAAVVertex@1@I@Z) referenced in function "public: bool __thiscall TileMap::load(class std::basic_string<char,struct std::char_traits<char>,class std::allocator<char> > const &,class sf::Vector2<unsigned int>,class std::vector<int,class std::allocator<int> > &,unsigned int,unsigned int)" (?load@TileMap@@QAE_NABV?$basic_string@DU?$char_traits@D@std@@V?$allocator@D@2@@std@@V?$Vector2@I@sf@@AAV?$vector@HV?$allocator@H@std@@@3@II@Z)
TileMap.obj : error LNK2019: unresolved external symbol "__declspec(dllimport) public: void __thiscall sf::VertexArray::resize(unsigned int)" (__imp_?resize@VertexArray@sf@@QAEXI@Z) referenced in function "public: bool __thiscall TileMap::load(class std::basic_string<char,struct std::char_traits<char>,class std::allocator<char> > const &,class sf::Vector2<unsigned int>,class std::vector<int,class std::allocator<int> > &,unsigned int,unsigned int)" (?load@TileMap@@QAE_NABV?$basic_string@DU?$char_traits@D@std@@V?$allocator@D@2@@std@@V?$Vector2@I@sf@@AAV?$vector@HV?$allocator@H@std@@@3@II@Z)
TileMap.obj : error LNK2019: unresolved external symbol "__declspec(dllimport) public: void __thiscall sf::VertexArray::setPrimitiveType(enum sf::PrimitiveType)" (__imp_?setPrimitiveType@VertexArray@sf@@QAEXW4PrimitiveType@2@@Z) referenced in function "public: bool __thiscall TileMap::load(class std::basic_string<char,struct std::char_traits<char>,class std::allocator<char> > const &,class sf::Vector2<unsigned int>,class std::vector<int,class std::allocator<int> > &,unsigned int,unsigned int)" (?load@TileMap@@QAE_NABV?$basic_string@DU?$char_traits@D@std@@V?$allocator@D@2@@std@@V?$Vector2@I@sf@@AAV?$vector@HV?$allocator@H@std@@@3@II@Z)
TileMap.obj : error LNK2019: unresolved external symbol "__declspec(dllimport) public: bool __thiscall sf::Texture::loadFromFile(class std::basic_string<char,struct std::char_traits<char>,class std::allocator<char> > const &,class sf::Rect<int> const &)" (__imp_?loadFromFile@Texture@sf@@QAE_NABV?$basic_string@DU?$char_traits@D@std@@V?$allocator@D@2@@std@@ABV?$Rect@H@2@@Z) referenced in function "public: bool __thiscall TileMap::load(class std::basic_string<char,struct std::char_traits<char>,class std::allocator<char> > const &,class sf::Vector2<unsigned int>,class std::vector<int,class std::allocator<int> > &,unsigned int,unsigned int)" (?load@TileMap@@QAE_NABV?$basic_string@DU?$char_traits@D@std@@V?$allocator@D@2@@std@@V?$Vector2@I@sf@@AAV?$vector@HV?$allocator@H@std@@@3@II@Z)
main.obj : error LNK2001: unresolved external symbol "__declspec(dllimport) public: bool __thiscall sf::Texture::loadFromFile(class std::basic_string<char,struct std::char_traits<char>,class std::allocator<char> > const &,class sf::Rect<int> const &)" (__imp_?loadFromFile@Texture@sf@@QAE_NABV?$basic_string@DU?$char_traits@D@std@@V?$allocator@D@2@@std@@ABV?$Rect@H@2@@Z)
TileMap.obj : error LNK2019: unresolved external symbol "__declspec(dllimport) public: class sf::Vector2<unsigned int> __thiscall sf::Texture::getSize(void)const " (__imp_?getSize@Texture@sf@@QBE?AV?$Vector2@I@2@XZ) referenced in function "public: bool __thiscall TileMap::load(class std::basic_string<char,struct std::char_traits<char>,class std::allocator<char> > const &,class sf::Vector2<unsigned int>,class std::vector<int,class std::allocator<int> > &,unsigned int,unsigned int)" (?load@TileMap@@QAE_NABV?$basic_string@DU?$char_traits@D@std@@V?$allocator@D@2@@std@@V?$Vector2@I@sf@@AAV?$vector@HV?$allocator@H@std@@@3@II@Z)
TileMap.obj : error LNK2019: unresolved external symbol "__declspec(dllimport) public: void __thiscall sf::RenderTarget::draw(class sf::Drawable const &,class sf::RenderStates const &)" (__imp_?draw@RenderTarget@sf@@QAEXABVDrawable@2@ABVRenderStates@2@@Z) referenced in function "private: virtual void __thiscall TileMap::draw(class sf::RenderTarget &,class sf::RenderStates)const " (?draw@TileMap@@EBEXAAVRenderTarget@sf@@VRenderStates@3@@Z)
main.obj : error LNK2001: unresolved external symbol "__declspec(dllimport) public: void __thiscall sf::RenderTarget::draw(class sf::Drawable const &,class sf::RenderStates const &)" (__imp_?draw@RenderTarget@sf@@QAEXABVDrawable@2@ABVRenderStates@2@@Z)
main.obj : error LNK2019: unresolved external symbol "__declspec(dllimport) public: __thiscall sf::Time::Time(void)" (__imp_??0Time@sf@@QAE@XZ) referenced in function _main
main.obj : error LNK2019: unresolved external symbol "__declspec(dllimport) public: float __thiscall sf::Time::asSeconds(void)const " (__imp_?asSeconds@Time@sf@@QBEMXZ) referenced in function _main
main.obj : error LNK2019: unresolved external symbol "__declspec(dllimport) public: __thiscall sf::Clock::Clock(void)" (__imp_??0Clock@sf@@QAE@XZ) referenced in function _main
main.obj : error LNK2019: unresolved external symbol "__declspec(dllimport) public: class sf::Time __thiscall sf::Clock::restart(void)" (__imp_?restart@Clock@sf@@QAE?AVTime@2@XZ) referenced in function _main
main.obj : error LNK2019: unresolved external symbol "__declspec(dllimport) public: __thiscall sf::String::String(char const *,class std::locale const &)" (__imp_??0String@sf@@QAE@PBDABVlocale@std@@@Z) referenced in function _main
main.obj : error LNK2019: unresolved external symbol "__declspec(dllimport) public: __thiscall sf::String::String(class std::basic_string<char,struct std::char_traits<char>,class std::allocator<char> > const &,class std::locale const &)" (__imp_??0String@sf@@QAE@ABV?$basic_string@DU?$char_traits@D@std@@V?$allocator@D@2@@std@@ABVlocale@3@@Z) referenced in function _main
main.obj : error LNK2019: unresolved external symbol "__declspec(dllimport) public: __thiscall sf::String::~String(void)" (__imp_??1String@sf@@QAE@XZ) referenced in function _main
main.obj : error LNK2019: unresolved external symbol "__declspec(dllimport) public: static bool __cdecl sf::Keyboard::isKeyPressed(enum sf::Keyboard::Key)" (__imp_?isKeyPressed@Keyboard@sf@@SA_NW4Key@12@@Z) referenced in function _main
main.obj : error LNK2019: unresolved external symbol "__declspec(dllimport) public: static bool __cdecl sf::Mouse::isButtonPressed(enum sf::Mouse::Button)" (__imp_?isButtonPressed@Mouse@sf@@SA_NW4Button@12@@Z) referenced in function _main
main.obj : error LNK2019: unresolved external symbol "__declspec(dllimport) public: static class sf::Vector2<int> __cdecl sf::Mouse::getPosition(class sf::Window const &)" (__imp_?getPosition@Mouse@sf@@SA?AV?$Vector2@H@2@ABVWindow@2@@Z) referenced in function _main
main.obj : error LNK2019: unresolved external symbol "__declspec(dllimport) public: __thiscall sf::VideoMode::VideoMode(unsigned int,unsigned int,unsigned int)" (__imp_??0VideoMode@sf@@QAE@III@Z) referenced in function _main
main.obj : error LNK2019: unresolved external symbol "__declspec(dllimport) public: void __thiscall sf::Window::close(void)" (__imp_?close@Window@sf@@QAEXXZ) referenced in function _main
main.obj : error LNK2019: unresolved external symbol "__declspec(dllimport) public: bool __thiscall sf::Window::isOpen(void)const " (__imp_?isOpen@Window@sf@@QBE_NXZ) referenced in function _main
main.obj : error LNK2019: unresolved external symbol "__declspec(dllimport) public: bool __thiscall sf::Window::pollEvent(class sf::Event &)" (__imp_?pollEvent@Window@sf@@QAE_NAAVEvent@2@@Z) referenced in function _main
main.obj : error LNK2019: unresolved external symbol "__declspec(dllimport) public: void __thiscall sf::Window::display(void)" (__imp_?display@Window@sf@@QAEXXZ) referenced in function _main
main.obj : error LNK2019: unresolved external symbol "__declspec(dllimport) public: __thiscall sf::Texture::Texture(void)" (__imp_??0Texture@sf@@QAE@XZ) referenced in function _main
main.obj : error LNK2019: unresolved external symbol "__declspec(dllimport) public: __thiscall sf::Texture::~Texture(void)" (__imp_??1Texture@sf@@QAE@XZ) referenced in function _main
main.obj : error LNK2019: unresolved external symbol "__declspec(dllimport) public: __thiscall sf::Font::Font(void)" (__imp_??0Font@sf@@QAE@XZ) referenced in function _main
main.obj : error LNK2019: unresolved external symbol "__declspec(dllimport) public: __thiscall sf::Font::Font(class sf::Font const &)" (__imp_??0Font@sf@@QAE@ABV01@@Z) referenced in function _main
main.obj : error LNK2019: unresolved external symbol "__declspec(dllimport) public: bool __thiscall sf::Font::loadFromFile(class std::basic_string<char,struct std::char_traits<char>,class std::allocator<char> > const &)" (__imp_?loadFromFile@Font@sf@@QAE_NABV?$basic_string@DU?$char_traits@D@std@@V?$allocator@D@2@@std@@@Z) referenced in function _main
main.obj : error LNK2019: unresolved external symbol "__declspec(dllimport) public: void __thiscall sf::RenderTarget::clear(class sf::Color const &)" (__imp_?clear@RenderTarget@sf@@QAEXABVColor@2@@Z) referenced in function _main
main.obj : error LNK2019: unresolved external symbol "__declspec(dllimport) public: __thiscall sf::RenderWindow::RenderWindow(class sf::VideoMode,class sf::String const &,unsigned int,struct sf::ContextSettings const &)" (__imp_??0RenderWindow@sf@@QAE@VVideoMode@1@ABVString@1@IABUContextSettings@1@@Z) referenced in function _main
main.obj : error LNK2019: unresolved external symbol "__declspec(dllimport) public: virtual __thiscall sf::RenderWindow::~RenderWindow(void)" (__imp_??1RenderWindow@sf@@UAE@XZ) referenced in function _main
main.obj : error LNK2019: unresolved external symbol "__declspec(dllimport) public: void __thiscall sf::Text::setString(class sf::String const &)" (__imp_?setString@Text@sf@@QAEXABVString@2@@Z) referenced in function _main
main.obj : error LNK2019: unresolved external symbol "__declspec(dllimport) public: void __thiscall sf::Text::setCharacterSize(unsigned int)" (__imp_?setCharacterSize@Text@sf@@QAEXI@Z) referenced in function _main
main.obj : error LNK2019: unresolved external symbol "__declspec(dllimport) public: void __thiscall sf::Text::setFillColor(class sf::Color const &)" (__imp_?setFillColor@Text@sf@@QAEXABVColor@2@@Z) referenced in function _main
main.obj : error LNK2001: unresolved external symbol "__declspec(dllimport) public: static class sf::RenderStates const sf::RenderStates::Default" (__imp_?Default@RenderStates@sf@@2V12@B)
main.obj : error LNK2001: unresolved external symbol "__declspec(dllimport) public: static class sf::Color const sf::Color::Black" (__imp_?Black@Color@sf@@2V12@B)
main.obj : error LNK2001: unresolved external symbol "__declspec(dllimport) public: static class sf::Color const sf::Color::Green" (__imp_?Green@Color@sf@@2V12@B)
C:\Users\Crotty's PC\source\repos\ConsoleApplication1\Debug\ConsoleApplication1.exe : fatal error LNK1120: 49 unresolved externals
